<?xml version="1.0" encoding="UTF-8"?>
<!-- Generated by org.testng.reporters.JUnitReportReporter -->
<testsuite hostname="LAPTOP-VH2V2M5C" failures="0" tests="1" name="TestCases.verifySignup" time="14.448" errors="0" timestamp="2023-05-18T03:28:10 IST" skipped="0">
  <testcase classname="TestCases.verifySignup" name="signup" time="14.448"/>
  <system-out/>
</testsuite> <!-- TestCases.verifySignup -->
